<?xml version="1.0" encoding="UTF-8"?>
<testng-results ignored="0" total="1" passed="1" failed="0" skipped="0">
  <reporter-output>
  </reporter-output>
  <suite started-at="2025-02-24T23:23:22 IST" name="Default suite" finished-at="2025-02-24T23:23:54 IST" duration-ms="31858">
    <groups>
    </groups>
    <test started-at="2025-02-24T23:23:22 IST" name="Default test" finished-at="2025-02-24T23:23:54 IST" duration-ms="31858">
      <class name="SeleniumRevision.ConditionalStatements">
        <test-method signature="conditionalStatement()[pri:0, instance:SeleniumRevision.ConditionalStatements@45099dd3]" started-at="2025-02-24T23:23:22 IST" name="conditionalStatement" finished-at="2025-02-24T23:23:54 IST" duration-ms="31817" status="PASS">
          <reporter-output>
          </reporter-output>
        </test-method> <!-- conditionalStatement -->
      </class> <!-- SeleniumRevision.ConditionalStatements -->
    </test> <!-- Default test -->
  </suite> <!-- Default suite -->
</testng-results>
